Tue Apr  1 10:51:28 CEST 2025 - EVENTO 1 - ERROR
Tue Apr  1 10:51:28 CEST 2025 - EVENTO 2 - BACKUP
Tue Apr  1 10:51:28 CEST 2025 - EVENTO 3 - INFO
Tue Apr  1 10:51:28 CEST 2025 - EVENTO 4 - INFO
Tue Apr  1 10:51:28 CEST 2025 - EVENTO 5 - INFO
Tue Apr  1 10:51:28 CEST 2025 - EVENTO 6 - WARNING
Tue Apr  1 10:51:28 CEST 2025 - EVENTO 7 - BACKUP
Tue Apr  1 10:51:28 CEST 2025 - EVENTO 8 - ERROR
Tue Apr  1 10:51:28 CEST 2025 - EVENTO 9 - WARNING
Tue Apr  1 10:51:28 CEST 2025 - EVENTO 10 - INFO
Tue Apr  1 10:51:28 CEST 2025 - EVENTO 11 - WARNING
Tue Apr  1 10:51:28 CEST 2025 - EVENTO 12 - INFO
Tue Apr  1 10:51:28 CEST 2025 - EVENTO 13 - INFO
Tue Apr  1 10:51:28 CEST 2025 - EVENTO 14 - WARNING
Tue Apr  1 10:51:28 CEST 2025 - EVENTO 15 - ERROR
Tue Apr  1 10:51:28 CEST 2025 - EVENTO 16 - BACKUP
Tue Apr  1 10:51:28 CEST 2025 - EVENTO 17 - BACKUP
Tue Apr  1 10:51:28 CEST 2025 - EVENTO 18 - INFO
Tue Apr  1 10:51:28 CEST 2025 - EVENTO 19 - ERROR
Tue Apr  1 10:51:28 CEST 2025 - EVENTO 20 - ERROR
Tue Apr  1 10:51:28 CEST 2025 - EVENTO 21 - INFO
Tue Apr  1 10:51:28 CEST 2025 - EVENTO 22 - LOGIN
Tue Apr  1 10:51:28 CEST 2025 - EVENTO 23 - ERROR
Tue Apr  1 10:51:28 CEST 2025 - EVENTO 24 - ERROR
Tue Apr  1 10:51:28 CEST 2025 - EVENTO 25 - WARNING
Tue Apr  1 10:51:28 CEST 2025 - EVENTO 26 - WARNING
Tue Apr  1 10:51:28 CEST 2025 - EVENTO 27 - ERROR
Tue Apr  1 10:51:28 CEST 2025 - EVENTO 28 - INFO
Tue Apr  1 10:51:28 CEST 2025 - EVENTO 29 - INFO
Tue Apr  1 10:51:28 CEST 2025 - EVENTO 30 - LOGIN
