Tue Apr  1 10:13:09 CEST 2025 - EVENTO 1 - LOGIN
Tue Apr  1 10:13:09 CEST 2025 - EVENTO 2 - ERROR
Tue Apr  1 10:13:09 CEST 2025 - EVENTO 3 - BACKUP
Tue Apr  1 10:13:09 CEST 2025 - EVENTO 4 - WARNING
Tue Apr  1 10:13:09 CEST 2025 - EVENTO 5 - ERROR
Tue Apr  1 10:13:09 CEST 2025 - EVENTO 6 - INFO
Tue Apr  1 10:13:09 CEST 2025 - EVENTO 7 - WARNING
Tue Apr  1 10:13:09 CEST 2025 - EVENTO 8 - INFO
Tue Apr  1 10:13:09 CEST 2025 - EVENTO 9 - LOGIN
Tue Apr  1 10:13:09 CEST 2025 - EVENTO 10 - ERROR
Tue Apr  1 10:13:09 CEST 2025 - EVENTO 11 - BACKUP
Tue Apr  1 10:13:09 CEST 2025 - EVENTO 12 - WARNING
Tue Apr  1 10:13:09 CEST 2025 - EVENTO 13 - WARNING
Tue Apr  1 10:13:09 CEST 2025 - EVENTO 14 - BACKUP
Tue Apr  1 10:13:09 CEST 2025 - EVENTO 15 - ERROR
Tue Apr  1 10:13:09 CEST 2025 - EVENTO 16 - ERROR
Tue Apr  1 10:13:09 CEST 2025 - EVENTO 17 - LOGIN
Tue Apr  1 10:13:09 CEST 2025 - EVENTO 18 - LOGIN
Tue Apr  1 10:13:09 CEST 2025 - EVENTO 19 - LOGIN
Tue Apr  1 10:13:09 CEST 2025 - EVENTO 20 - BACKUP
Tue Apr  1 10:13:09 CEST 2025 - EVENTO 21 - WARNING
Tue Apr  1 10:13:09 CEST 2025 - EVENTO 22 - ERROR
Tue Apr  1 10:13:09 CEST 2025 - EVENTO 23 - INFO
Tue Apr  1 10:13:09 CEST 2025 - EVENTO 24 - BACKUP
Tue Apr  1 10:13:09 CEST 2025 - EVENTO 25 - BACKUP
Tue Apr  1 10:13:09 CEST 2025 - EVENTO 26 - INFO
Tue Apr  1 10:13:09 CEST 2025 - EVENTO 27 - BACKUP
Tue Apr  1 10:13:09 CEST 2025 - EVENTO 28 - INFO
Tue Apr  1 10:13:09 CEST 2025 - EVENTO 29 - BACKUP
Tue Apr  1 10:13:09 CEST 2025 - EVENTO 30 - ERROR
