Tue Apr  1 09:21:04 CEST 2025 - EVENTO 1 - INFO
Tue Apr  1 09:21:04 CEST 2025 - EVENTO 2 - BACKUP
Tue Apr  1 09:21:04 CEST 2025 - EVENTO 3 - BACKUP
Tue Apr  1 09:21:04 CEST 2025 - EVENTO 4 - ERROR
Tue Apr  1 09:21:04 CEST 2025 - EVENTO 5 - LOGIN
Tue Apr  1 09:21:04 CEST 2025 - EVENTO 6 - BACKUP
Tue Apr  1 09:21:04 CEST 2025 - EVENTO 7 - BACKUP
Tue Apr  1 09:21:04 CEST 2025 - EVENTO 8 - INFO
Tue Apr  1 09:21:04 CEST 2025 - EVENTO 9 - INFO
Tue Apr  1 09:21:04 CEST 2025 - EVENTO 10 - LOGIN
Tue Apr  1 09:21:04 CEST 2025 - EVENTO 11 - WARNING
Tue Apr  1 09:21:04 CEST 2025 - EVENTO 12 - INFO
Tue Apr  1 09:21:04 CEST 2025 - EVENTO 13 - BACKUP
Tue Apr  1 09:21:04 CEST 2025 - EVENTO 14 - INFO
Tue Apr  1 09:21:04 CEST 2025 - EVENTO 15 - INFO
Tue Apr  1 09:21:04 CEST 2025 - EVENTO 16 - INFO
Tue Apr  1 09:21:04 CEST 2025 - EVENTO 17 - ERROR
Tue Apr  1 09:21:04 CEST 2025 - EVENTO 18 - LOGIN
Tue Apr  1 09:21:04 CEST 2025 - EVENTO 19 - LOGIN
Tue Apr  1 09:21:04 CEST 2025 - EVENTO 20 - WARNING
Tue Apr  1 09:21:04 CEST 2025 - EVENTO 21 - ERROR
Tue Apr  1 09:21:04 CEST 2025 - EVENTO 22 - ERROR
Tue Apr  1 09:21:04 CEST 2025 - EVENTO 23 - WARNING
Tue Apr  1 09:21:04 CEST 2025 - EVENTO 24 - WARNING
Tue Apr  1 09:21:04 CEST 2025 - EVENTO 25 - WARNING
Tue Apr  1 09:21:04 CEST 2025 - EVENTO 26 - BACKUP
Tue Apr  1 09:21:04 CEST 2025 - EVENTO 27 - LOGIN
Tue Apr  1 09:21:04 CEST 2025 - EVENTO 28 - BACKUP
Tue Apr  1 09:21:04 CEST 2025 - EVENTO 29 - WARNING
Tue Apr  1 09:21:04 CEST 2025 - EVENTO 30 - ERROR
