Tue Apr  1 10:42:06 CEST 2025 - EVENTO 1 - ERROR
Tue Apr  1 10:42:06 CEST 2025 - EVENTO 2 - BACKUP
Tue Apr  1 10:42:06 CEST 2025 - EVENTO 3 - WARNING
Tue Apr  1 10:42:06 CEST 2025 - EVENTO 4 - ERROR
Tue Apr  1 10:42:06 CEST 2025 - EVENTO 5 - ERROR
Tue Apr  1 10:42:06 CEST 2025 - EVENTO 6 - LOGIN
Tue Apr  1 10:42:06 CEST 2025 - EVENTO 7 - WARNING
Tue Apr  1 10:42:06 CEST 2025 - EVENTO 8 - BACKUP
Tue Apr  1 10:42:06 CEST 2025 - EVENTO 9 - BACKUP
Tue Apr  1 10:42:06 CEST 2025 - EVENTO 10 - WARNING
Tue Apr  1 10:42:06 CEST 2025 - EVENTO 11 - INFO
Tue Apr  1 10:42:06 CEST 2025 - EVENTO 12 - INFO
Tue Apr  1 10:42:06 CEST 2025 - EVENTO 13 - WARNING
Tue Apr  1 10:42:06 CEST 2025 - EVENTO 14 - INFO
Tue Apr  1 10:42:06 CEST 2025 - EVENTO 15 - WARNING
Tue Apr  1 10:42:06 CEST 2025 - EVENTO 16 - WARNING
Tue Apr  1 10:42:06 CEST 2025 - EVENTO 17 - LOGIN
Tue Apr  1 10:42:06 CEST 2025 - EVENTO 18 - BACKUP
Tue Apr  1 10:42:06 CEST 2025 - EVENTO 19 - INFO
Tue Apr  1 10:42:06 CEST 2025 - EVENTO 20 - WARNING
Tue Apr  1 10:42:06 CEST 2025 - EVENTO 21 - ERROR
Tue Apr  1 10:42:06 CEST 2025 - EVENTO 22 - ERROR
Tue Apr  1 10:42:06 CEST 2025 - EVENTO 23 - WARNING
Tue Apr  1 10:42:06 CEST 2025 - EVENTO 24 - LOGIN
Tue Apr  1 10:42:06 CEST 2025 - EVENTO 25 - BACKUP
Tue Apr  1 10:42:06 CEST 2025 - EVENTO 26 - LOGIN
Tue Apr  1 10:42:06 CEST 2025 - EVENTO 27 - LOGIN
Tue Apr  1 10:42:06 CEST 2025 - EVENTO 28 - LOGIN
Tue Apr  1 10:42:06 CEST 2025 - EVENTO 29 - ERROR
Tue Apr  1 10:42:06 CEST 2025 - EVENTO 30 - ERROR
